{"total": {"lines":{"total":138,"covered":48,"skipped":0,"pct":34.78},"statements":{"total":152,"covered":48,"skipped":0,"pct":31.57},"functions":{"total":51,"covered":4,"skipped":0,"pct":7.84},"branches":{"total":22,"covered":4,"skipped":0,"pct":18.18},"branchesTrue":{"total":0,"covered":0,"skipped":0,"pct":100}}
,"/home/alexandre/TRYBE/PROJETOS/sd-026-a-project-trybewallet/src/App.js": {"lines":{"total":1,"covered":1,"skipped":0,"pct":100},"functions":{"total":1,"covered":1,"skipped":0,"pct":100},"statements":{"total":1,"covered":1,"skipped":0,"pct":100},"branches":{"total":0,"covered":0,"skipped":0,"pct":100}}
,"/home/alexandre/TRYBE/PROJETOS/sd-026-a-project-trybewallet/src/components/Header.jsx": {"lines":{"total":10,"covered":3,"skipped":0,"pct":30},"functions":{"total":4,"covered":0,"skipped":0,"pct":0},"statements":{"total":11,"covered":3,"skipped":0,"pct":27.27},"branches":{"total":2,"covered":0,"skipped":0,"pct":0}}
,"/home/alexandre/TRYBE/PROJETOS/sd-026-a-project-trybewallet/src/components/Table.jsx": {"lines":{"total":22,"covered":2,"skipped":0,"pct":9.09},"functions":{"total":12,"covered":0,"skipped":0,"pct":0},"statements":{"total":23,"covered":2,"skipped":0,"pct":8.69},"branches":{"total":2,"covered":0,"skipped":0,"pct":0}}
,"/home/alexandre/TRYBE/PROJETOS/sd-026-a-project-trybewallet/src/components/WalletForm.jsx": {"lines":{"total":29,"covered":3,"skipped":0,"pct":10.34},"functions":{"total":9,"covered":0,"skipped":0,"pct":0},"statements":{"total":30,"covered":3,"skipped":0,"pct":10},"branches":{"total":2,"covered":0,"skipped":0,"pct":0}}
,"/home/alexandre/TRYBE/PROJETOS/sd-026-a-project-trybewallet/src/pages/Login.jsx": {"lines":{"total":16,"covered":6,"skipped":0,"pct":37.5},"functions":{"total":4,"covered":1,"skipped":0,"pct":25},"statements":{"total":16,"covered":6,"skipped":0,"pct":37.5},"branches":{"total":4,"covered":0,"skipped":0,"pct":0}}
,"/home/alexandre/TRYBE/PROJETOS/sd-026-a-project-trybewallet/src/pages/Wallet.jsx": {"lines":{"total":1,"covered":0,"skipped":0,"pct":0},"functions":{"total":1,"covered":0,"skipped":0,"pct":0},"statements":{"total":1,"covered":0,"skipped":0,"pct":0},"branches":{"total":0,"covered":0,"skipped":0,"pct":100}}
,"/home/alexandre/TRYBE/PROJETOS/sd-026-a-project-trybewallet/src/redux/actions/index.js": {"lines":{"total":30,"covered":20,"skipped":0,"pct":66.66},"functions":{"total":13,"covered":0,"skipped":0,"pct":0},"statements":{"total":41,"covered":20,"skipped":0,"pct":48.78},"branches":{"total":0,"covered":0,"skipped":0,"pct":100}}
,"/home/alexandre/TRYBE/PROJETOS/sd-026-a-project-trybewallet/src/redux/reducers/index.js": {"lines":{"total":1,"covered":1,"skipped":0,"pct":100},"functions":{"total":0,"covered":0,"skipped":0,"pct":100},"statements":{"total":1,"covered":1,"skipped":0,"pct":100},"branches":{"total":0,"covered":0,"skipped":0,"pct":100}}
,"/home/alexandre/TRYBE/PROJETOS/sd-026-a-project-trybewallet/src/redux/reducers/user.js": {"lines":{"total":5,"covered":4,"skipped":0,"pct":80},"functions":{"total":1,"covered":1,"skipped":0,"pct":100},"statements":{"total":5,"covered":4,"skipped":0,"pct":80},"branches":{"total":3,"covered":2,"skipped":0,"pct":66.66}}
,"/home/alexandre/TRYBE/PROJETOS/sd-026-a-project-trybewallet/src/redux/reducers/wallet.js": {"lines":{"total":11,"covered":4,"skipped":0,"pct":36.36},"functions":{"total":3,"covered":1,"skipped":0,"pct":33.33},"statements":{"total":11,"covered":4,"skipped":0,"pct":36.36},"branches":{"total":9,"covered":2,"skipped":0,"pct":22.22}}
,"/home/alexandre/TRYBE/PROJETOS/sd-026-a-project-trybewallet/src/services/CURRENCYapi.js": {"lines":{"total":7,"covered":2,"skipped":0,"pct":28.57},"functions":{"total":2,"covered":0,"skipped":0,"pct":0},"statements":{"total":7,"covered":2,"skipped":0,"pct":28.57},"branches":{"total":0,"covered":0,"skipped":0,"pct":100}}
,"/home/alexandre/TRYBE/PROJETOS/sd-026-a-project-trybewallet/src/services/FullCurrencyAPI.js": {"lines":{"total":5,"covered":2,"skipped":0,"pct":40},"functions":{"total":1,"covered":0,"skipped":0,"pct":0},"statements":{"total":5,"covered":2,"skipped":0,"pct":40},"branches":{"total":0,"covered":0,"skipped":0,"pct":100}}
}
